<?xml version="1.0" encoding="UTF-8"?>
<coverage generated="1602687683519" clover="3.2.0">
  <project timestamp="1602687683519" name="All files">
    <metrics statements="8" coveredstatements="8" conditionals="6" coveredconditionals="6" methods="4" coveredmethods="4" elements="18" coveredelements="18" complexity="0" loc="8" ncloc="8" packages="1" files="1" classes="1"/>
    <file name="binaryGap.js" path="/Users/vincent/Documents/projects/js_challenges/binaryGap.js">
      <metrics statements="8" coveredstatements="8" conditionals="6" coveredconditionals="6" methods="4" coveredmethods="4"/>
      <line num="2" count="7" type="stmt"/>
      <line num="5" count="41" type="cond" truecount="2" falsecount="0"/>
      <line num="6" count="41" type="stmt"/>
      <line num="8" count="15" type="cond" truecount="2" falsecount="0"/>
      <line num="9" count="9" type="stmt"/>
      <line num="10" count="9" type="cond" truecount="2" falsecount="0"/>
      <line num="12" count="15" type="stmt"/>
      <line num="16" count="1" type="stmt"/>
    </file>
  </project>
</coverage>
