{"/Users/vincent/Documents/projects/js_challenges/binaryGap.js": {"path":"/Users/vincent/Documents/projects/js_challenges/binaryGap.js","statementMap":{"0":{"start":{"line":2,"column":2},"end":{"line":13,"column":10}},"1":{"start":{"line":5,"column":20},"end":{"line":5,"column":35}},"2":{"start":{"line":6,"column":19},"end":{"line":6,"column":26}},"3":{"start":{"line":8,"column":6},"end":{"line":11,"column":7}},"4":{"start":{"line":9,"column":20},"end":{"line":9,"column":37}},"5":{"start":{"line":10,"column":8},"end":{"line":10,"column":30}},"6":{"start":{"line":12,"column":6},"end":{"line":12,"column":15}},"7":{"start":{"line":16,"column":0},"end":{"line":16,"column":26}}},"fnMap":{"0":{"name":"solution","decl":{"start":{"line":1,"column":9},"end":{"line":1,"column":17}},"loc":{"start":{"line":1,"column":21},"end":{"line":14,"column":1}},"line":1},"1":{"name":"(anonymous_1)","decl":{"start":{"line":5,"column":9},"end":{"line":5,"column":10}},"loc":{"start":{"line":5,"column":20},"end":{"line":5,"column":35}},"line":5},"2":{"name":"(anonymous_2)","decl":{"start":{"line":6,"column":12},"end":{"line":6,"column":13}},"loc":{"start":{"line":6,"column":19},"end":{"line":6,"column":26}},"line":6},"3":{"name":"(anonymous_3)","decl":{"start":{"line":7,"column":12},"end":{"line":7,"column":13}},"loc":{"start":{"line":7,"column":29},"end":{"line":13,"column":5}},"line":7}},"branchMap":{"0":{"loc":{"start":{"line":5,"column":20},"end":{"line":5,"column":35}},"type":"cond-expr","locations":[{"start":{"line":5,"column":29},"end":{"line":5,"column":30}},{"start":{"line":5,"column":33},"end":{"line":5,"column":35}}],"line":5},"1":{"loc":{"start":{"line":8,"column":6},"end":{"line":11,"column":7}},"type":"if","locations":[{"start":{"line":8,"column":6},"end":{"line":11,"column":7}},{"start":{"line":8,"column":6},"end":{"line":11,"column":7}}],"line":8},"2":{"loc":{"start":{"line":10,"column":12},"end":{"line":10,"column":29}},"type":"cond-expr","locations":[{"start":{"line":10,"column":22},"end":{"line":10,"column":25}},{"start":{"line":10,"column":28},"end":{"line":10,"column":29}}],"line":10}},"s":{"0":7,"1":41,"2":41,"3":15,"4":9,"5":9,"6":15,"7":1},"f":{"0":7,"1":41,"2":41,"3":15},"b":{"0":[15,26],"1":[9,6],"2":[4,5]},"_coverageSchema":"1a1c01bbd47fc00a2c39e90264f33305004495a9","hash":"25b751d8ec1d3f408602f84e7099d0676c0a3145"}
}
